2023-04-03 00:51:55.366473 - Initialized conversion of CBT515
2023-04-03 00:51:55.590613 - Received CBT.V504.FILE515.PDS from FILE515.XMI 
2023-04-03 00:51:55.592972 - Found $$$#DATE.txt (text/plain) in CBT.V504.FILE515.PDS, moved to PDS/$$$#DATE
2023-04-03 00:51:55.594582 - Found $README.txt (text/plain) in CBT.V504.FILE515.PDS, moved to PDS/$README
2023-04-03 00:51:55.595618 - Found ##NOTE.txt (text/plain) in CBT.V504.FILE515.PDS, moved to PDS/##NOTE
2023-04-03 00:51:55.596668 - Found @CSR.txt (text/plain) in CBT.V504.FILE515.PDS, moved to PDS/@CSR
2023-04-03 00:51:55.597876 - Found @FILE515.txt (text/plain) in CBT.V504.FILE515.PDS, moved to PDS/@FILE515
2023-04-03 00:51:55.598910 - Found ASM@CSR.jcl (text/plain) in CBT.V504.FILE515.PDS, moved to PDS/ASM@CSR
2023-04-03 00:51:55.600142 - Found ASMDEQ.jcl (text/plain) in CBT.V504.FILE515.PDS, moved to PDS/ASMDEQ
2023-04-03 00:51:55.601120 - Found ASMENQ.jcl (text/plain) in CBT.V504.FILE515.PDS, moved to PDS/ASMENQ
2023-04-03 00:51:55.602029 - Found ASMSLEEP.jcl (text/plain) in CBT.V504.FILE515.PDS, moved to PDS/ASMSLEEP
2023-04-03 00:51:55.602920 - Found ASMSPFP.jcl (text/plain) in CBT.V504.FILE515.PDS, moved to PDS/ASMSPFP
2023-04-03 00:51:55.604150 - Found ASMWTOR.jcl (text/plain) in CBT.V504.FILE515.PDS, moved to PDS/ASMWTOR
2023-04-03 00:51:55.605110 - Found ASMXL.jcl (text/plain) in CBT.V504.FILE515.PDS, moved to PDS/ASMXL
2023-04-03 00:51:55.606013 - Found AXBASML.txt (text/plain) in CBT.V504.FILE515.PDS, moved to PDS/AXBASML
2023-04-03 00:51:55.606943 - Found LGN@ENT.txt (text/plain) in CBT.V504.FILE515.PDS, moved to PDS/LGN@ENT
2023-04-03 00:51:55.607825 - Found LGN@RET.txt (text/plain) in CBT.V504.FILE515.PDS, moved to PDS/LGN@RET
2023-04-03 00:51:55.608719 - Found LGNASML.txt (text/plain) in CBT.V504.FILE515.PDS, moved to PDS/LGNASML
2023-04-03 00:51:55.609627 - Found LGNSPF.txt (text/plain) in CBT.V504.FILE515.PDS, moved to PDS/LGNSPF
2023-04-03 00:51:55.610554 - Found LGNSRCH.txt (text/plain) in CBT.V504.FILE515.PDS, moved to PDS/LGNSRCH
2023-04-03 00:51:55.611678 - Found LGNUDEFD.txt (text/plain) in CBT.V504.FILE515.PDS, moved to PDS/LGNUDEFD
2023-04-03 00:51:55.612705 - Found LGNUDEFE.txt (text/plain) in CBT.V504.FILE515.PDS, moved to PDS/LGNUDEFE
2023-04-03 00:51:55.613928 - Found LGNUDEFN.txt (text/plain) in CBT.V504.FILE515.PDS, moved to PDS/LGNUDEFN
2023-04-03 00:51:55.614944 - Found LGNUDEFP.txt (text/plain) in CBT.V504.FILE515.PDS, moved to PDS/LGNUDEFP
2023-04-03 00:51:55.616045 - Found RLTPLST.txt (text/plain) in CBT.V504.FILE515.PDS, moved to PDS/RLTPLST
2023-04-03 00:51:55.616916 - Found RLTSUB.txt (text/plain) in CBT.V504.FILE515.PDS, moved to PDS/RLTSUB
2023-04-03 00:51:55.618168 - Found RXDEQ.txt (text/plain) in CBT.V504.FILE515.PDS, moved to PDS/RXDEQ
2023-04-03 00:51:55.619133 - Found RXENQ.txt (text/plain) in CBT.V504.FILE515.PDS, moved to PDS/RXENQ
2023-04-03 00:51:55.620201 - Found RXWTOR.txt (text/plain) in CBT.V504.FILE515.PDS, moved to PDS/RXWTOR
2023-04-03 00:51:55.621231 - Found SLEEP.txt (text/plain) in CBT.V504.FILE515.PDS, moved to PDS/SLEEP
2023-04-03 00:51:55.622282 - Found SPFDOC.txt (text/plain) in CBT.V504.FILE515.PDS, moved to PDS/SPFDOC
2023-04-03 00:51:55.623462 - Found XL.txt (text/plain) in CBT.V504.FILE515.PDS, moved to PDS/XL
